<?xml version="1.0" encoding="utf-8"?><testsuites><testsuite errors="0" failures="0" hostname="VAIO" name="pytest" skipped="0" tests="3" time="31.774" timestamp="2020-05-12T23:32:32.964583"><testcase classname="test_HomePage.TestHomePage" file="test_HomePage.py" line="9" name="test_formSubmission[getData0]" time="9.574"></testcase><testcase classname="test_HomePage.TestHomePage" file="test_HomePage.py" line="9" name="test_formSubmission[getData1]" time="3.823"></testcase><testcase classname="test_e2e.TestOne" file="test_e2e.py" line="6" name="test_e2e" time="18.215"></testcase></testsuite></testsuites>